2025-11-04T11:35:16.9935288Z ##[group]Run actions/checkout@v4
2025-11-04T11:35:16.9951703Z with:
2025-11-04T11:35:16.9958717Z   repository: matteoLorenzini/risk_analysis_app
2025-11-04T11:35:16.9972903Z   token: ***
2025-11-04T11:35:16.9985160Z   ssh-strict: true
2025-11-04T11:35:16.9991039Z   ssh-user: git
2025-11-04T11:35:16.9996918Z   persist-credentials: true
2025-11-04T11:35:17.0003389Z   clean: true
2025-11-04T11:35:17.0009200Z   sparse-checkout-cone-mode: true
2025-11-04T11:35:17.0016398Z   fetch-depth: 1
2025-11-04T11:35:17.0026855Z   fetch-tags: false
2025-11-04T11:35:17.0036820Z   show-progress: true
2025-11-04T11:35:17.0043430Z   lfs: false
2025-11-04T11:35:17.0199136Z   submodules: false
2025-11-04T11:35:17.0205665Z   set-safe-directory: true
2025-11-04T11:35:17.0213958Z ##[endgroup]
2025-11-04T11:35:23.9273648Z Syncing repository: matteoLorenzini/risk_analysis_app
2025-11-04T11:35:23.9277005Z ##[group]Getting Git version info
2025-11-04T11:35:23.9278493Z Working directory is 'C:\Users\matte\Repo\risk_analysis_app\actions-runner\_work\risk_analysis_app\risk_analysis_app'
2025-11-04T11:35:23.9280849Z [command]"C:\Program Files\Git\cmd\git.exe" version
2025-11-04T11:35:24.0085818Z git version 2.48.1.windows.1
2025-11-04T11:35:24.0217114Z ##[endgroup]
2025-11-04T11:35:24.0260251Z Copying 'C:\Users\matte\.gitconfig' to 'C:\Users\matte\Repo\risk_analysis_app\actions-runner\_work\_temp\cd0144d9-c117-4347-b4ea-f8b14f197c74\.gitconfig'
2025-11-04T11:35:24.0328873Z Temporarily overriding HOME='C:\Users\matte\Repo\risk_analysis_app\actions-runner\_work\_temp\cd0144d9-c117-4347-b4ea-f8b14f197c74' before making global git config changes
2025-11-04T11:35:24.0333763Z Adding repository directory to the temporary git global config as a safe directory
2025-11-04T11:35:24.0365665Z [command]"C:\Program Files\Git\cmd\git.exe" config --global --add safe.directory C:\Users\matte\Repo\risk_analysis_app\actions-runner\_work\risk_analysis_app\risk_analysis_app
2025-11-04T11:35:24.1287193Z [command]"C:\Program Files\Git\cmd\git.exe" config --local --get remote.origin.url
2025-11-04T11:35:24.2003775Z https://github.com/matteoLorenzini/risk_analysis_app
2025-11-04T11:35:24.2149282Z ##[group]Removing previously created refs, to avoid conflicts
2025-11-04T11:35:24.2176611Z [command]"C:\Program Files\Git\cmd\git.exe" rev-parse --symbolic-full-name --verify --quiet HEAD
2025-11-04T11:35:24.3007389Z refs/heads/main
2025-11-04T11:35:24.3137775Z [command]"C:\Program Files\Git\cmd\git.exe" checkout --detach
2025-11-04T11:35:27.9657250Z HEAD is now at b65cd19 added principal fields in description page
2025-11-04T11:35:28.2129863Z ##[endgroup]
2025-11-04T11:35:28.2148329Z [command]"C:\Program Files\Git\cmd\git.exe" submodule status
2025-11-04T11:35:30.1045609Z ##[error]fatal: no submodule mapping found in .gitmodules for path 'actions-runner/_work/risk_analysis_app/risk_analysis_app'
2025-11-04T11:35:30.1298482Z Bad Submodules found, removing existing files
2025-11-04T11:35:30.1300217Z ##[group]Cleaning the repository
2025-11-04T11:35:30.1327366Z [command]"C:\Program Files\Git\cmd\git.exe" clean -ffdx
2025-11-04T11:35:30.2621833Z [command]"C:\Program Files\Git\cmd\git.exe" reset --hard HEAD
2025-11-04T11:35:30.6149474Z HEAD is now at b65cd19 added principal fields in description page
2025-11-04T11:35:30.6326142Z ##[endgroup]
2025-11-04T11:35:30.6382634Z ##[warning]Unable to clean or reset the repository. The repository will be recreated instead.
2025-11-04T11:35:30.6389985Z Deleting the contents of 'C:\Users\matte\Repo\risk_analysis_app\actions-runner\_work\risk_analysis_app\risk_analysis_app'
2025-11-04T11:35:31.1780582Z ##[group]Initializing the repository
2025-11-04T11:35:31.1825189Z [command]"C:\Program Files\Git\cmd\git.exe" init C:\Users\matte\Repo\risk_analysis_app\actions-runner\_work\risk_analysis_app\risk_analysis_app
2025-11-04T11:35:31.5267933Z Initialized empty Git repository in C:/Users/matte/Repo/risk_analysis_app/actions-runner/_work/risk_analysis_app/risk_analysis_app/.git/
2025-1