[2025-11-01 15:57:48Z INFO HostContext] No proxy settings were found based on environmental variables (http_proxy/https_proxy/HTTP_PROXY/HTTPS_PROXY)
[2025-11-01 15:57:48Z INFO HostContext] Well known directory 'Bin': 'C:\Users\matte\Repo\risk_analysis_app\actions-runner\bin'
[2025-11-01 15:57:48Z INFO HostContext] Well known directory 'Root': 'C:\Users\matte\Repo\risk_analysis_app\actions-runner'
[2025-11-01 15:57:48Z INFO HostContext] Well known config file 'Credentials': 'C:\Users\matte\Repo\risk_analysis_app\actions-runner\.credentials'
[2025-11-01 15:57:48Z INFO HostContext] Well known directory 'Bin': 'C:\Users\matte\Repo\risk_analysis_app\actions-runner\bin'
[2025-11-01 15:57:48Z INFO HostContext] Well known directory 'Root': 'C:\Users\matte\Repo\risk_analysis_app\actions-runner'
[2025-11-01 15:57:48Z INFO HostContext] Well known config file 'Runner': 'C:\Users\matte\Repo\risk_analysis_app\actions-runner\.runner'
[2025-11-01 15:57:48Z INFO Worker] Version: 2.329.0
[2025-11-01 15:57:48Z INFO Worker] Commit: c76c59996c8fa32e989164a5a695efb12608ae5a
[2025-11-01 15:57:48Z INFO Worker] Culture: en-US
[2025-11-01 15:57:48Z INFO Worker] UI Culture: en-US
[2025-11-01 15:57:48Z INFO Worker] Waiting to receive the job message from the channel.
[2025-11-01 15:57:48Z INFO ProcessChannel] Receiving message of length 21152, with hash 'aa779f5b53bf7e45f7192b1d4e1e8da888e41c0e6352a4a7e003f1c859cfde27'
[2025-11-01 15:57:48Z INFO Worker] Message received.
[2025-11-01 15:57:49Z INFO Worker] Job message:
 {
  "fileTable": [
    ".github/workflows/deploy-selfhosted.yml"
  ],
  "mask": [
    {
      "type": "regex",
      "value": "***"
    },
    {
      "type": "regex",
      "value": "***"
    },
    {
      "type": "regex",
      "value": "***"
    },
    {
      "type": "regex",
      "value": "***"
    },
    {
      "type": "regex",
      "value": "***"
    },
    {
      "type": "regex",
      "value": "***"
    },
    {
      "type": "regex",
      "value": "***"
    },
    {
      "type": "regex",
      "value": "***"
    },
    {
      "type": "regex",
      "value": "***"
    },
    {
      "type": "regex",
      "value": "***"
    },
    {
      "type": "regex",
      "value": "***"
    },
    {
      "type": "regex",
      "value": "***"
    },
    {
      "type": "regex",
      "value": "***"
    },
    {
      "type": "regex",
      "value": "***"
    },
    {
      "type": "regex",
      "value": "***"
    },
    {
      "type": "regex",
      "value": "***"
    },
    {
      "type": "regex",
      "value": "***"
    },
    {
      "type": "regex",
      "value": "***"
    }
  ],
  "steps": [
    {
      "type": "action",
      "reference": {
        "type": "script"
      },
      "displayNameToken": {
        "type": 0,
        "file": 1,
        "line": 13,
        "col": 15,
        "lit": "Print context"
      },
      "contextName": "__run",
      "inputs": {
        "type": 2,
        "map": [
          {
            "key": "script",
            "value": {
              "type": 0,
              "file": 1,
              "line": 15,
              "col": 14,
              "lit": "Write-Host \"Actor: $env:RUNNER_NAME on $env:RUNNER_OS\"\n"
            }
          },
          {
            "key": "shell",
            "value": {
              "type": 0,
              "file": 1,
              "line": 14,
              "col": 16,
              "lit": "pwsh"
            }
          }
        ]
      },
      "condition": "success()",
      "id": "ff0155a1-e673-4661-86b2-9537b2bf6f17",
      "name": "__run"
    },
    {
      "type": "action",
      "reference": {
        "type": "script"
      },
      "displayNameToken": {
        "type": 0,
        "file": 1,
        "line": 18,
        "col": 15,
        "lit": "Update runtime-data from origin/main"
      },
      "contextName": "__run_2",
      "inputs": {
        "type": 2,
        "map": [
          {
            "key": "script",
            "value": {
              "type": 0,
              "file": 1,
              "line": 20,
              "col": 14,
              "lit": "$target = 'C:\\\\Users\\\\matte\\\\researchspace-docker-desktop-main\\\\researchspace-docker-desktop-main\\\\researchspace\\\\runtime-data'\ngit -C $target fetch origin\ngit -C $target reset --hard origin/main\n"
            }
          },
          {
            "key": "shell",
            "value": {
              "type": 0,
              "file": 1,
              "line": 19,
              "col": 16,
              "lit": "pwsh"
            }
          }
        ]
      },
      "condition": "success()",
      "id": "64825485-edc6-47e8-8829-496fc1014b62",
      "name": "__run_2"
    },
    {
      "type": "action",
      "reference": {
        "type": "script"
      },
      "displayNameToken": {
        "type": 0,
        "file": 1,
        "line": 25,
        "col": 15,
        "lit": "Restart ResearchSpace service"
      },
      "contextName": "__run_3",
      "inputs": {
        "type": 2,
        "map": [
          {
            "key": "script",
            "value": {
              "type": 0,
              "file": 1,
              "line": 27,
              "col": 14,
              "lit": "$root = 'C:\\\\Users\\\\matte\\\\researchspace-docker-desktop-main\\\\researchspace-docker-desktop-main'\nSet-Location $root\ndocker compose ps researchspace\ndocker compose restart researchspace\n"
            }
          },
          {
            "key": "shell",
            "value": {
              "type": 0,
              "file": 1,
              "line": 26,
              "col": 16,
              "lit": "pwsh"
            }
          }
        ]
      },
      "condition": "success()",
      "id": "f7d02587-5f8e-4c68-88d5-f64096d93beb",
      "name": "__run_3"
    },
    {
      "type": "action",
      "reference": {
        "type": "script"
      },
      "displayNameToken": {
        "type": 0,
        "file": 1,
        "line": 33,
        "col": 15,
        "lit": "Show service status"
      },
      "contextName": "__run_4",
      "inputs": {
        "type": 2,
        "map": [
          {
            "key": "script",
            "value": {
              "type": 0,
              "file": 1,
              "line": 35,
              "col": 14,
              "lit": "$root = 'C:\\\\Users\\\\matte\\\\researchspace-docker-desktop-main\\\\researchspace-docker-desktop-main'\nSet-Location $root\ndocker compose ps researchspace\n"
            }
          },
          {
            "key": "shell",
            "value": {
              "type": 0,
              "file": 1,
              "line": 34,
              "col": 16,
              "lit": "pwsh"
            }
          }
        ]
      },
      "condition": "success()",
      "id": "a12c0bb0-7050-4c40-b908-0dd91d99610d",
      "name": "__run_4"
    }
  ],
  "variables": {
    "Actions.EnableHttpRedirects": {
      "value": "true"
    },
    "DistributedTask.AddWarningToNode12Action": {
      "value": "true"
    },
    "DistributedTask.AddWarningToNode16Action": {
      "value": "true"
    },
    "DistributedTask.AllowRunnerContainerHooks": {
      "value": "true"
    },
    "DistributedTask.DeprecateStepOutputCommands": {
      "value": "true"
    },
    "DistributedTask.DetailUntarFailure": {
      "value": "true"
    },
    "DistributedTask.EnableCompositeActions": {
      "value": "true"
    },
    "DistributedTask.EnableJobServerQueueTelemetry": {
      "value": "true"
    },
    "DistributedTask.EnhancedAnnotations": {
      "value": "true"
    },
    "DistributedTask.ForceGithubJavascriptActionsToNode16": {
      "value": "true"
    },
    "DistributedTask.ForceGithubJavascriptActionsToNode20": {
      "value": "true"
    },
    "DistributedTask.LogTemplateErrorsAsDebugMessages": {
      "value": "true"
    },
    "DistributedTask.MarkJobAsFailedOnWorkerCrash": {
      "value": "true"
    },
    "DistributedTask.NewActionMetadata": {
      "value": "true"
    },
    "DistributedTask.UploadStepSummary": {
      "value": "true"
    },
    "DistributedTask.UseActionArchiveCache": {
      "value": "true"
    },
    "DistributedTask.UseWhich2": {
      "value": "true"
    },
    "RunService.FixEmbeddedIssues": {
      "value": "true"
    },
    "actions_add_check_run_id_to_job_context": {
      "value": "true"
    },
    "actions_container_action_runner_temp": {
      "value": "false"
    },
    "actions_display_helpful_actions_download_errors": {
      "value": "true"
    },
    "actions_skip_retry_complete_job_upon_known_errors": {
      "value": "true"
    },
    "actions_uses_cache_service_v2": {
      "value": "true"
    },
    "github_token": {
      "value": "***",
      "isSecret": true
    },
    "system.from_run_service": {
      "value": "true"
    },
    "system.github.job": {
      "value": "deploy"
    },
    "system.github.launch_endpoint": {
      "value": "https://launch.actions.githubusercontent.com"
    },
    "system.github.results_endpoint": {
      "value": "https://results-receiver.actions.githubusercontent.com/"
    },
    "system.github.results_upload_with_sdk": {
      "value": "true"
    },
    "system.github.token": {
      "value": "***",
      "isSecret": true
    },
    "system.github.token.permissions": {
      "value": "{\"Contents\":\"read\",\"Metadata\":\"read\",\"Packages\":\"read\"}"
    },
    "system.orchestrationId": {
      "value": "e2ce603e-29c5-4a45-911b-bcf56912773b.deploy.__default"
    },
    "system.phaseDisplayName": {
      "value": "deploy"
    },
    "system.runner.lowdiskspacethreshold": {
      "value": "100"
    },
    "system.runnerEnvironment": {
      "value": "self-hosted"
    },
    "system.runnerGroupName": {
      "value": "Default"
    }
  },
  "messageType": "RunnerJobRequest",
  "plan": {
    "scopeIdentifier": "00000000-0000-0000-0000-000000000000",
    "planType": "actions",
    "version": 0,
    "planId": "e2ce603e-29c5-4a45-911b-bcf56912773b",
    "planGroup": null,
    "artifactUri": null,
    "artifactLocation": null,
    "definition": null,
    "owner": null
  },
  "timeline": {
    "id": "e2ce603e-29c5-4a45-911b-bcf56912773b",
    "changeId": 0,
    "location": null
  },
  "jobId": "61bcbf51-5b2c-5beb-a016-a8c3f39ad996",
  "jobDisplayName": "deploy",
  "jobName": "__default",
  "requestId": 0,
  "lockedUntil": "0001-01-01T00:00:00",
  "resources": {
    "endpoints": [
      {
        "data": {
          "ServerId": "",
          "ServerName": "",
          "CacheServerUrl": "https://artifactcache.actions.githubusercontent.com/xw06FIHW2K1AmaSoDM2l920ewH7mdDie8RThTu0prGEhQH3hhp/",
          "FeedStreamUrl": "wss://results-receiver.actions.githubusercontent.com/_ws/ingest.sock",
          "ResultsServiceUrl": "https://results-receiver.actions.githubusercontent.com/",
          "PipelinesServiceUrl": "https://pipelinesghubeus9.actions.githubusercontent.com/xw06FIHW2K1AmaSoDM2l920ewH7mdDie8RThTu0prGEhQH3hhp/",
          "GenerateIdTokenUrl": ""
        },
        "name": "SystemVssConnection",
        "url": "https://run-actions-1-azure-eastus.actions.githubusercontent.com/72/",
        "authorization": {
          "parameters": {
            "AccessToken": "***"
          },
          "scheme": "OAuth"
        },
        "isShared": false,
        "isReady": true
      }
    ]
  },
  "contextData": {
    "github": {
      "t": 2,
      "d": [
        {
          "k": "ref",
          "v": "refs/heads/main"
        },
        {
          "k": "sha",
          "v": "c6b00326ad06664f8c8d45cc41b289006af8b10d"
        },
        {
          "k": "repository",
          "v": "matteoLorenzini/risk_analysis_app"
        },
        {
          "k": "repository_owner",
          "v": "matteoLorenzini"
        },
        {
          "k": "repository_owner_id",
          "v": "6868238"
        },
        {
          "k": "repositoryUrl",
          "v": "git://github.com/matteoLorenzini/risk_analysis_app.git"
        },
        {
          "k": "run_id",
          "v": "18999115607"
        },
        {
          "k": "run_number",
          "v": "3"
        },
        {
          "k": "retention_days",
          "v": "90"
        },
        {
          "k": "run_attempt",
          "v": "1"
        },
        {
          "k": "artifact_cache_size_limit",
          "v": "10"
        },
        {
          "k": "repository_visibility",
          "v": "public"
        },
        {
          "k": "actor_id",
          "v": "6868238"
        },
        {
          "k": "actor",
          "v": "matteoLorenzini"
        },
        {
          "k": "workflow",
          "v": "Deploy to Local ResearchSpace (self-hosted)"
        },
        {
          "k": "head_ref",
          "v": ""
        },
        {
          "k": "base_ref",
          "v": ""
        },
        {
          "k": "event_name",
          "v": "push"
        },
        {
          "k": "server_url",
          "v": "https://github.com"
        },
        {
          "k": "api_url",
          "v": "https://api.github.com"
        },
        {
          "k": "graphql_url",
          "v": "https://api.github.com/graphql"
        },
        {
          "k": "ref_name",
          "v": "main"
        },
        {
          "k": "ref_protected",
          "v": false
        },
        {
          "k": "ref_type",
          "v": "branch"
        },
        {
          "k": "secret_source",
          "v": "Actions"
        },
        {
          "k": "event",
          "v": {
            "t": 2,
            "d": [
              {
                "k": "after",
                "v": "c6b00326ad06664f8c8d45cc41b289006af8b10d"
              },
              {
                "k": "base_ref",
                "v": null
              },
              {
                "k": "before",
                "v": "9f2f4a08904fb901c36011e4385ce99540e388ce"
              },
              {
                "k": "commits",
                "v": {
                  "t": 1,
                  "a": [
                    {
                      "t": 2,
                      "d": [
                        {
                          "k": "author",
                          "v": {
                            "t": 2,
                            "d": [
                              {
                                "k": "email",
                                "v": "matteo-lorenzini@outlook.it"
                              },
                              {
                                "k": "name",
                                "v": "matteoLorenzini"
                              },
                              {
                                "k": "username",
                                "v": "matteoLorenzini"
                              }
                            ]
                          }
                        },
                        {
                          "k": "committer",
                          "v": {
                            "t": 2,
                            "d": [
                              {
                                "k": "email",
                                "v": "matteo-lorenzini@outlook.it"
                              },
                              {
                                "k": "name",
                                "v": "matteoLorenzini"
                              },
                              {
                                "k": "username",
                                "v": "matteoLorenzini"
                              }
                            ]
                          }
                        },
                        {
                          "k": "distinct",
                          "v": true
                        },
                        {
                          "k": "id",
                          "v": "c6b00326ad06664f8c8d45cc41b289006af8b10d"
                        },
                        {
                          "k": "message",
                          "v": "test pipeline 2"
                        },
                        {
                          "k": "timestamp",
                          "v": "2025-11-01T16:57:40+01:00"
                        },
                        {
                          "k": "tree_id",
                          "v": "09ff41f6c9f5b6c417b0e7dcc068d15522d1e9a0"
                        },
                        {
                          "k": "url",
                          "v": "https://github.com/matteoLorenzini/risk_analysis_app/commit/c6b00326ad06664f8c8d45cc41b289006af8b10d"
                        }
                      ]
                    }
                  ]
                }
              },
              {
                "k": "compare",
                "v": "https://github.com/matteoLorenzini/risk_analysis_app/compare/9f2f4a08904f...c6b00326ad06"
              },
              {
                "k": "created",
                "v": false
              },
              {
                "k": "deleted",
                "v": false
              },
              {
                "k": "forced",
                "v": false
              },
              {
                "k": "head_commit",
                "v": {
                  "t": 2,
                  "d": [
                    {
                      "k": "author",
                      "v": {
                        "t": 2,
                        "d": [
                          {
                            "k": "email",
                            "v": "matteo-lorenzini@outlook.it"
                          },
                          {
                            "k": "name",
                            "v": "matteoLorenzini"
                          },
                          {
                            "k": "username",
                            "v": "matteoLorenzini"
                          }
                        ]
                      }
                    },
                    {
                      "k": "committer",
                      "v": {
                        "t": 2,
                        "d": [
                          {
                            "k": "email",
                            "v": "matteo-lorenzini@outlook.it"
                          },
                          {
                            "k": "name",
                            "v": "matteoLorenzini"
                          },
                          {
                            "k": "username",
                            "v": "matteoLorenzini"
                          }
                        ]
                      }
                    },
                    {
                      "k": "distinct",
                      "v": true
                    },
                    {
                      "k": "id",
                      "v": "c6b00326ad06664f8c8d45cc41b289006af8b10d"
                    },
                    {
                      "k": "message",
                      "v": "test pipeline 2"
                    },
                    {
                      "k": "timestamp",
                      "v": "2025-11-01T16:57:40+01:00"
                    },
                    {
                      "k": "tree_id",
                      "v": "09ff41f6c9f5b6c417b0e7dcc068d15522d1e9a0"
                    },
                    {
                      "k": "url",
                      "v": "https://github.com/matteoLorenzini/risk_analysis_app/commit/c6b00326ad06664f8c8d45cc41b289006af8b10d"
                    }
                  ]
                }
              },
              {
                "k": "pusher",
                "v": {
                  "t": 2,
                  "d": [
                    {
                      "k": "email",
                      "v": "matteo-lorenzini@outlook.it"
                    },
                    {
                      "k": "name",
                      "v": "matteoLorenzini"
                    }
                  ]
                }
              },
              {
                "k": "ref",
                "v": "refs/heads/main"
              },
              {
                "k": "repository",
                "v": {
                  "t": 2,
                  "d": [
                    {
                      "k": "allow_forking",
                      "v": true
                    },
                    {
                      "k": "archive_url",
                      "v": "https://api.github.com/repos/matteoLorenzini/risk_analysis_app/{archive_format}{/ref}"
                    },
                    {
                      "k": "archived",
                      "v": false
                    },
                    {
                      "k": "assignees_url",
                      "v": "https://api.github.com/repos/matteoLorenzini/risk_analysis_app/assignees{/user}"
                    },
                    {
                      "k": "blobs_url",
                      "v": "https://api.github.com/repos/matteoLorenzini/risk_analysis_app/git/blobs{/sha}"
                    },
                    {
                      "k": "branches_url",
                      "v": "https://api.github.com/repos/matteoLorenzini/risk_analysis_app/branches{/branch}"
                    },
                    {
                      "k": "clone_url",
                      "v": "https://github.com/matteoLorenzini/risk_analysis_app.git"
                    },
                    {
                      "k": "collaborators_url",
                      "v": "https://api.github.com/repos/matteoLorenzini/risk_analysis_app/collaborators{/collaborator}"
                    },
                    {
                      "k": "comments_url",
                      "v": "https://api.github.com/repos/matteoLorenzini/risk_analysis_app/comments{/number}"
                    },
                    {
                      "k": "commits_url",
                      "v": "https://api.github.com/repos/matteoLorenzini/risk_analysis_app/commits{/sha}"
                    },
                    {
                      "k": "compare_url",
                      "v": "https://api.github.com/repos/matteoLorenzini/risk_analysis_app/compare/{base}...{head}"
                    },
                    {
                      "k": "contents_url",
                      "v": "https://api.github.com/repos/matteoLorenzini/risk_analysis_app/contents/{+path}"
                    },
                    {
                      "k": "contributors_url",
                      "v": "https://api.github.com/repos/matteoLorenzini/risk_analysis_app/contributors"
                    },
                    {
                      "k": "created_at",
                      "v": 1762008130.0
                    },
                    {
                      "k": "default_branch",
                      "v": "main"
                    },
                    {
                      "k": "deployments_url",
                      "v": "https://api.github.com/repos/matteoLorenzini/risk_analysis_app/deployments"
                    },
                    {
                      "k": "description",
                      "v": null
                    },
                    {
                      "k": "disabled",
                      "v": false
                    },
                    {
                      "k": "downloads_url",
                      "v": "https://api.github.com/repos/matteoLorenzini/risk_analysis_app/downloads"
                    },
                    {
                      "k": "events_url",
                      "v": "https://api.github.com/repos/matteoLorenzini/risk_analysis_app/events"
                    },
                    {
                      "k": "fork",
                      "v": false
                    },
                    {
                      "k": "forks",
                      "v": 0.0
                    },
                    {
                      "k": "forks_count",
                      "v": 0.0
                    },
                    {
                      "k": "forks_url",
                      "v": "https://api.github.com/repos/matteoLorenzini/risk_analysis_app/forks"
                    },
                    {
                      "k": "full_name",
                      "v": "matteoLorenzini/risk_analysis_app"
                    },
                    {
                      "k": "git_commits_url",
                      "v": "https://api.github.com/repos/matteoLorenzini/risk_analysis_app/git/commits{/sha}"
                    },
                    {
                      "k": "git_refs_url",
                      "v": "https://api.github.com/repos/matteoLorenzini/risk_analysis_app/git/refs{/sha}"
                    },
                    {
                      "k": "git_tags_url",
                      "v": "https://api.github.com/repos/matteoLorenzini/risk_analysis_app/git/tags{/sha}"
                    },
                    {
                      "k": "git_url",
                      "v": "git://github.com/matteoLorenzini/risk_analysis_app.git"
                    },
                    {
                      "k": "has_discussions",
                      "v": false
                    },
                    {
                      "k": "has_downloads",
                      "v": true
                    },
                    {
                      "k": "has_issues",
                      "v": true
                    },
                    {
                      "k": "has_pages",
                      "v": false
                    },
                    {
                      "k": "has_projects",
                      "v": true
                    },
                    {
                      "k": "has_wiki",
                      "v": true
                    },
                    {
                      "k": "homepage",
                      "v": null
                    },
                    {
                      "k": "hooks_url",
                      "v": "https://api.github.com/repos/matteoLorenzini/risk_analysis_app/hooks"
                    },
                    {
                      "k": "html_url",
                      "v": "https://github.com/matteoLorenzini/risk_analysis_app"
                    },
                    {
                      "k": "id",
                      "v": 1087737796.0
                    },
                    {
                      "k": "is_template",
                      "v": false
                    },
                    {
                      "k": "issue_comment_url",
                      "v": "https://api.github.com/repos/matteoLorenzini/risk_analysis_app/issues/comments{/number}"
                    },
                    {
                      "k": "issue_events_url",
                      "v": "https://api.github.com/repos/matteoLorenzini/risk_analysis_app/issues/events{/number}"
                    },
                    {
                      "k": "issues_url",
                      "v": "https://api.github.com/repos/matteoLorenzini/risk_analysis_app/issues{/number}"
                    },
                    {
                      "k": "keys_url",
                      "v": "https://api.github.com/repos/matteoLorenzini/risk_analysis_app/keys{/key_id}"
                    },
                    {
                      "k": "labels_url",
                      "v": "https://api.github.com/repos/matteoLorenzini/risk_analysis_app/labels{/name}"
                    },
                    {
                      "k": "language",
                      "v": "JavaScript"
                    },
                    {
                      "k": "languages_url",
                      "v": "https://api.github.com/repos/matteoLorenzini/risk_analysis_app/languages"
                    },
                    {
                      "k": "license",
                      "v": null
                    },
                    {
                      "k": "master_branch",
                      "v": "main"
                    },
                    {
                      "k": "merges_url",
                      "v": "https://api.github.com/repos/matteoLorenzini/risk_analysis_app/merges"
                    },
                    {
                      "k": "milestones_url",
                      "v": "https://api.github.com/repos/matteoLorenzini/risk_analysis_app/milestones{/number}"
                    },
                    {
                      "k": "mirror_url",
                      "v": null
                    },
                    {
                      "k": "name",
                      "v": "risk_analysis_app"
                    },
                    {
                      "k": "node_id",
                      "v": "R_kgDOQNWPxA"
                    },
                    {
                      "k": "notifications_url",
                      "v": "https://api.github.com/repos/matteoLorenzini/risk_analysis_app/notifications{?since,all,participating}"
                    },
                    {
                      "k": "open_issues",
                      "v": 0.0
                    },
                    {
                      "k": "open_issues_count",
                      "v": 0.0
                    },
                    {
                      "k": "owner",
                      "v": {
                        "t": 2,
                        "d": [
                          {
                            "k": "avatar_url",
                            "v": "https://avatars.githubusercontent.com/u/6868238?v=4"
                          },
                          {
                            "k": "email",
                            "v": "matteo-lorenzini@outlook.it"
                          },
                          {
                            "k": "events_url",
                            "v": "https://api.github.com/users/matteoLorenzini/events{/privacy}"
                          },
                          {
                            "k": "followers_url",
                            "v": "https://api.github.com/users/matteoLorenzini/followers"
                          },
                          {
                            "k": "following_url",
                            "v": "https://api.github.com/users/matteoLorenzini/following{/other_user}"
                          },
                          {
                            "k": "gists_url",
                            "v": "https://api.github.com/users/matteoLorenzini/gists{/gist_id}"
                          },
                          {
                            "k": "gravatar_id",
                            "v": ""
                          },
                          {
                            "k": "html_url",
                            "v": "https://github.com/matteoLorenzini"
                          },
                          {
                            "k": "id",
                            "v": 6868238.0
                          },
                          {
                            "k": "login",
                            "v": "matteoLorenzini"
                          },
                          {
                            "k": "name",
                            "v": "matteoLorenzini"
                          },
                          {
                            "k": "node_id",
                            "v": "MDQ6VXNlcjY4NjgyMzg="
                          },
                          {
                            "k": "organizations_url",
                            "v": "https://api.github.com/users/matteoLorenzini/orgs"
                          },
                          {
                            "k": "received_events_url",
                            "v": "https://api.github.com/users/matteoLorenzini/received_events"
                          },
                          {
                            "k": "repos_url",
                            "v": "https://api.github.com/users/matteoLorenzini/repos"
                          },
                          {
                            "k": "site_admin",
                            "v": false
                          },
                          {
                            "k": "starred_url",
                            "v": "https://api.github.com/users/matteoLorenzini/starred{/owner}{/repo}"
                          },
                          {
                            "k": "subscriptions_url",
                            "v": "https://api.github.com/users/matteoLorenzini/subscriptions"
                          },
                          {
                            "k": "type",
                            "v": "User"
                          },
                          {
                            "k": "url",
                            "v": "https://api.github.com/users/matteoLorenzini"
                          },
                          {
                            "k": "user_view_type",
                            "v": "public"
                          }
                        ]
                      }
                    },
                    {
                      "k": "private",
                      "v": false
                    },
                    {
                      "k": "pulls_url",
                      "v": "https://api.github.com/repos/matteoLorenzini/risk_analysis_app/pulls{/number}"
                    },
                    {
                      "k": "pushed_at",
                      "v": 1762012663.0
                    },
                    {
                      "k": "releases_url",
                      "v": "https://api.github.com/repos/matteoLorenzini/risk_analysis_app/releases{/id}"
                    },
                    {
                      "k": "size",
                      "v": 1122.0
                    },
                    {
                      "k": "ssh_url",
                      "v": "git@github.com:matteoLorenzini/risk_analysis_app.git"
                    },
                    {
                      "k": "stargazers",
                      "v": 0.0
                    },
                    {
                      "k": "stargazers_count",
                      "v": 0.0
                    },
                    {
                      "k": "stargazers_url",
                      "v": "https://api.github.com/repos/matteoLorenzini/risk_analysis_app/stargazers"
                    },
                    {
                      "k": "statuses_url",
                      "v": "https://api.github.com/repos/matteoLorenzini/risk_analysis_app/statuses/{sha}"
                    },
                    {
                      "k": "subscribers_url",
                      "v": "https://api.github.com/repos/matteoLorenzini/risk_analysis_app/subscribers"
                    },
                    {
                      "k": "subscription_url",
                      "v": "https://api.github.com/repos/matteoLorenzini/risk_analysis_app/subscription"
                    },
                    {
                      "k": "svn_url",
                      "v": "https://github.com/matteoLorenzini/risk_analysis_app"
                    },
                    {
                      "k": "tags_url",
                      "v": "https://api.github.com/repos/matteoLorenzini/risk_analysis_app/tags"
                    },
                    {
                      "k": "teams_url",
                      "v": "https://api.github.com/repos/matteoLorenzini/risk_analysis_app/teams"
                    },
                    {
                      "k": "topics",
                      "v": {
                        "t": 1
                      }
                    },
                    {
                      "k": "trees_url",
                      "v": "https://api.github.com/repos/matteoLorenzini/risk_analysis_app/git/trees{/sha}"
                    },
                    {
                      "k": "updated_at",
                      "v": "2025-11-01T15:55:48Z"
                    },
                    {
                      "k": "url",
                      "v": "https://api.github.com/repos/matteoLorenzini/risk_analysis_app"
                    },
                    {
                      "k": "visibility",
                      "v": "public"
                    },
                    {
                      "k": "watchers",
                      "v": 0.0
                    },
                    {
                      "k": "watchers_count",
                      "v": 0.0
                    },
                    {
                      "k": "web_commit_signoff_required",
                      "v": false
                    }
                  ]
                }
              },
              {
                "k": "sender",
                "v": {
                  "t": 2,
                  "d": [
                    {
                      "k": "avatar_url",
                      "v": "https://avatars.githubusercontent.com/u/6868238?v=4"
                    },
                    {
                      "k": "events_url",
                      "v": "https://api.github.com/users/matteoLorenzini/events{/privacy}"
                    },
                    {
                      "k": "followers_url",
                      "v": "https://api.github.com/users/matteoLorenzini/followers"
                    },
                    {
                      "k": "following_url",
                      "v": "https://api.github.com/users/matteoLorenzini/following{/other_user}"
                    },
                    {
                      "k": "gists_url",
                      "v": "https://api.github.com/users/matteoLorenzini/gists{/gist_id}"
                    },
                    {
                      "k": "gravatar_id",
                      "v": ""
                    },
                    {
                      "k": "html_url",
                      "v": "https://github.com/matteoLorenzini"
                    },
                    {
                      "k": "id",
                      "v": 6868238.0
                    },
                    {
                      "k": "login",
                      "v": "matteoLorenzini"
                    },
                    {
                      "k": "node_id",
                      "v": "MDQ6VXNlcjY4NjgyMzg="
                    },
                    {
                      "k": "organizations_url",
                      "v": "https://api.github.com/users/matteoLorenzini/orgs"
                    },
                    {
                      "k": "received_events_url",
                      "v": "https://api.github.com/users/matteoLorenzini/received_events"
                    },
                    {
                      "k": "repos_url",
                      "v": "https://api.github.com/users/matteoLorenzini/repos"
                    },
                    {
                      "k": "site_admin",
                      "v": false
                    },
                    {
                      "k": "starred_url",
                      "v": "https://api.github.com/users/matteoLorenzini/starred{/owner}{/repo}"
                    },
                    {
                      "k": "subscriptions_url",
                      "v": "https://api.github.com/users/matteoLorenzini/subscriptions"
                    },
                    {
                      "k": "type",
                      "v": "User"
                    },
                    {
                      "k": "url",
                      "v": "https://api.github.com/users/matteoLorenzini"
                    },
                    {
                      "k": "user_view_type",
                      "v": "public"
                    }
                  ]
                }
              }
            ]
          }
        },
        {
          "k": "workflow_ref",
          "v": "matteoLorenzini/risk_analysis_app/.github/workflows/deploy-selfhosted.yml@refs/heads/main"
        },
        {
          "k": "workflow_sha",
          "v": "c6b00326ad06664f8c8d45cc41b289006af8b10d"
        },
        {
          "k": "repository_id",
          "v": "1087737796"
        },
        {
          "k": "triggering_actor",
          "v": "matteoLorenzini"
        }
      ]
    },
    "inputs": {
      "t": 2
    },
    "job": {
      "t": 2,
      "d": [
        {
          "k": "check_run_id",
          "v": 54263250766.0
        }
      ]
    },
    "matrix": null,
    "needs": {
      "t": 2
    },
    "strategy": {
      "t": 2,
      "d": [
        {
          "k": "fail-fast",
          "v": true
        },
        {
          "k": "job-index",
          "v": 0.0
        },
        {
          "k": "job-total",
          "v": 1.0
        },
        {
          "k": "max-parallel",
          "v": 1.0
        }
      ]
    },
    "vars": {
      "t": 2
    }
  },
  "billingOwnerId": "U_kgDOAGjNDg"
}
[2025-11-01 15:57:49Z INFO JobRunner] Job ID 61bcbf51-5b2c-5beb-a016-a8c3f39ad996
[2025-11-01 15:57:49Z INFO ConfigurationStore] currentAssemblyLocation: C:\Users\matte\Repo\risk_analysis_app\actions-runner\bin\Runner.Worker.dll
[2025-11-01 15:57:49Z INFO HostContext] Well known directory 'Bin': 'C:\Users\matte\Repo\risk_analysis_app\actions-runner\bin'
[2025-11-01 15:57:49Z INFO ConfigurationStore] binPath: C:\Users\matte\Repo\risk_analysis_app\actions-runner\bin
[2025-11-01 15:57:49Z INFO HostContext] Well known directory 'Bin': 'C:\Users\matte\Repo\risk_analysis_app\actions-runner\bin'
[2025-11-01 15:57:49Z INFO HostContext] Well known directory 'Root': 'C:\Users\matte\Repo\risk_analysis_app\actions-runner'
[2025-11-01 15:57:49Z INFO ConfigurationStore] RootFolder: C:\Users\matte\Repo\risk_analysis_app\actions-runner
[2025-11-01 15:57:49Z INFO HostContext] Well known directory 'Bin': 'C:\Users\matte\Repo\risk_analysis_app\actions-runner\bin'
[2025-11-01 15:57:49Z INFO HostContext] Well known directory 'Root': 'C:\Users\matte\Repo\risk_analysis_app\actions-runner'
[2025-11-01 15:57:49Z INFO HostContext] Well known config file 'Runner': 'C:\Users\matte\Repo\risk_analysis_app\actions-runner\.runner'
[2025-11-01 15:57:49Z INFO ConfigurationStore] ConfigFilePath: C:\Users\matte\Repo\risk_analysis_app\actions-runner\.runner
[2025-11-01 15:57:49Z INFO HostContext] Well known directory 'Bin': 'C:\Users\matte\Repo\risk_analysis_app\actions-runner\bin'
[2025-11-01 15:57:49Z INFO HostContext] Well known directory 'Root': 'C:\Users\matte\Repo\risk_analysis_app\actions-runner'
[2025-11-01 15:57:49Z INFO HostContext] Well known config file 'MigratedRunner': 'C:\Users\matte\Repo\risk_analysis_app\actions-runner\.runner_migrated'
[2025-11-01 15:57:49Z INFO ConfigurationStore] MigratedConfigFilePath: C:\Users\matte\Repo\risk_analysis_app\actions-runner\.runner_migrated
[2025-11-01 15:57:49Z INFO HostContext] Well known directory 'Bin': 'C:\Users\matte\Repo\risk_analysis_app\actions-runner\bin'
[2025-11-01 15:57:49Z INFO HostContext] Well known directory 'Root': 'C:\Users\matte\Repo\risk_analysis_app\actions-runner'
[2025-11-01 15:57:49Z INFO HostContext] Well known config file 'Credentials': 'C:\Users\matte\Repo\risk_analysis_app\actions-runner\.credentials'
[2025-11-01 15:57:49Z INFO ConfigurationStore] CredFilePath: C:\Users\matte\Repo\risk_analysis_app\actions-runner\.credentials
[2025-11-01 15:57:49Z INFO HostContext] Well known directory 'Bin': 'C:\Users\matte\Repo\risk_analysis_app\actions-runner\bin'
[2025-11-01 15:57:49Z INFO HostContext] Well known directory 'Root': 'C:\Users\matte\Repo\risk_analysis_app\actions-runner'
[2025-11-01 15:57:49Z INFO HostContext] Well known config file 'MigratedCredentials': 'C:\Users\matte\Repo\risk_analysis_app\actions-runner\.credentials_migrated'
[2025-11-01 15:57:49Z INFO ConfigurationStore] MigratedCredFilePath: C:\Users\matte\Repo\risk_analysis_app\actions-runner\.credentials_migrated
[2025-11-01 15:57:49Z INFO HostContext] Well known directory 'Bin': 'C:\Users\matte\Repo\risk_analysis_app\actions-runner\bin'
[2025-11-01 15:57:49Z INFO HostContext] Well known directory 'Root': 'C:\Users\matte\Repo\risk_analysis_app\actions-runner'
[2025-11-01 15:57:49Z INFO HostContext] Well known config file 'Service': 'C:\Users\matte\Repo\risk_analysis_app\actions-runner\.service'
[2025-11-01 15:57:49Z INFO ConfigurationStore] ServiceConfigFilePath: C:\Users\matte\Repo\risk_analysis_app\actions-runner\.service
[2025-11-01 15:57:49Z INFO ConfigurationStore] Read setting file: 411 chars
[2025-11-01 15:57:49Z INFO JobRunner] Initializing launch client
[2025-11-01 15:57:49Z INFO JobServerQueue] Initializing results client
[2025-11-01 15:57:49Z INFO ResultServer] Creating websocket client ...wss://results-receiver.actions.githubusercontent.com/_ws/ingest.sock
[2025-11-01 15:57:49Z INFO ResultServer] Attempting to start websocket client with delay 00:00:00.
[2025-11-01 15:57:49Z INFO JobServerQueue] Start process web console line queue.
[2025-11-01 15:57:49Z INFO JobServerQueue] Start process file upload queue.
[2025-11-01 15:57:49Z INFO JobServerQueue] Start results file upload queue.
[2025-11-01 15:57:49Z INFO JobServerQueue] Starting results-based upload queue...
[2025-11-01 15:57:49Z INFO JobServerQueue] Start process timeline update queue.
[2025-11-01 15:57:49Z INFO ExecutionContext] Initializing Job context
[2025-11-01 15:57:49Z INFO ExecutionContext] Initialize GitHub context
[2025-11-01 15:57:49Z INFO ExecutionContext] Initialize Env context
[2025-11-01 15:57:49Z INFO HostContext] Well known directory 'Bin': 'C:\Users\matte\Repo\risk_analysis_app\actions-runner\bin'
[2025-11-01 15:57:49Z INFO HostContext] Well known directory 'Root': 'C:\Users\matte\Repo\risk_analysis_app\actions-runner'
[2025-11-01 15:57:49Z INFO HostContext] Well known directory 'Diag': 'C:\Users\matte\Repo\risk_analysis_app\actions-runner\_diag'
[2025-11-01 15:57:49Z INFO HostContext] Well known directory 'Bin': 'C:\Users\matte\Repo\risk_analysis_app\actions-runner\bin'
[2025-11-01 15:57:49Z INFO HostContext] Well known directory 'Root': 'C:\Users\matte\Repo\risk_analysis_app\actions-runner'
[2025-11-01 15:57:49Z INFO HostContext] Well known directory 'Diag': 'C:\Users\matte\Repo\risk_analysis_app\actions-runner\_diag'
[2025-11-01 15:57:49Z INFO JobRunner] Starting the job execution context.
[2025-11-01 15:57:49Z INFO HostContext] Well known directory 'Bin': 'C:\Users\matte\Repo\risk_analysis_app\actions-runner\bin'
[2025-11-01 15:57:49Z INFO HostContext] Well known directory 'Root': 'C:\Users\matte\Repo\risk_analysis_app\actions-runner'
[2025-11-01 15:57:49Z INFO HostContext] Well known directory 'Work': 'C:\Users\matte\Repo\risk_analysis_app\actions-runner\_work'
[2025-11-01 15:57:49Z INFO JobRunner] Validating directory permissions for: 'C:\Users\matte\Repo\risk_analysis_app\actions-runner\_work'
[2025-11-01 15:57:49Z INFO HostContext] Well known directory 'Bin': 'C:\Users\matte\Repo\risk_analysis_app\actions-runner\bin'
[2025-11-01 15:57:49Z INFO HostContext] Well known directory 'Root': 'C:\Users\matte\Repo\risk_analysis_app\actions-runner'
[2025-11-01 15:57:49Z INFO HostContext] Well known directory 'Work': 'C:\Users\matte\Repo\risk_analysis_app\actions-runner\_work'
[2025-11-01 15:57:49Z INFO HostContext] Well known directory 'Tools': 'C:\Users\matte\Repo\risk_analysis_app\actions-runner\_work\_tool'
[2025-11-01 15:57:49Z INFO HostContext] Well known directory 'Bin': 'C:\Users\matte\Repo\risk_analysis_app\actions-runner\bin'
[2025-11-01 15:57:49Z INFO HostContext] Well known directory 'Root': 'C:\Users\matte\Repo\risk_analysis_app\actions-runner'
[2025-11-01 15:57:49Z INFO HostContext] Well known directory 'Work': 'C:\Users\matte\Repo\risk_analysis_app\actions-runner\_work'
[2025-11-01 15:57:49Z INFO HostContext] Well known directory 'Temp': 'C:\Users\matte\Repo\risk_analysis_app\actions-runner\_work\_temp'
[2025-11-01 15:57:49Z INFO JobRunner] Getting job extension.
[2025-11-01 15:57:49Z INFO JobRunner] Initialize job. Getting all job steps.
[2025-11-01 15:57:49Z INFO HostContext] Well known directory 'Bin': 'C:\Users\matte\Repo\risk_analysis_app\actions-runner\bin'
[2025-11-01 15:57:49Z INFO HostContext] Well known directory 'Root': 'C:\Users\matte\Repo\risk_analysis_app\actions-runner'
[2025-11-01 15:57:49Z INFO HostContext] Well known directory 'Diag': 'C:\Users\matte\Repo\risk_analysis_app\actions-runner\_diag'
[2025-11-01 15:57:49Z INFO HostContext] Well known directory 'Bin': 'C:\Users\matte\Repo\risk_analysis_app\actions-runner\bin'
[2025-11-01 15:57:49Z INFO HostContext] Well known directory 'Root': 'C:\Users\matte\Repo\risk_analysis_app\actions-runner'
[2025-11-01 15:57:49Z INFO HostContext] Well known directory 'Diag': 'C:\Users\matte\Repo\risk_analysis_app\actions-runner\_diag'
[2025-11-01 15:57:49Z INFO HostContext] Well known directory 'Bin': 'C:\Users\matte\Repo\risk_analysis_app\actions-runner\bin'
[2025-11-01 15:57:49Z INFO HostContext] Well known directory 'Root': 'C:\Users\matte\Repo\risk_analysis_app\actions-runner'
[2025-11-01 15:57:49Z INFO HostContext] Well known config file 'Credentials': 'C:\Users\matte\Repo\risk_analysis_app\actions-runner\.credentials'
[2025-11-01 15:57:49Z INFO HostContext] Well known directory 'Bin': 'C:\Users\matte\Repo\risk_analysis_app\actions-runner\bin'
[2025-11-01 15:57:49Z INFO HostContext] Well known directory 'Root': 'C:\Users\matte\Repo\risk_analysis_app\actions-runner'
[2025-11-01 15:57:49Z INFO HostContext] Well known config file 'SetupInfo': 'C:\Users\matte\Repo\risk_analysis_app\actions-runner\.setup_info'
[2025-11-01 15:57:49Z INFO HostContext] Well known directory 'Bin': 'C:\Users\matte\Repo\risk_analysis_app\actions-runner\bin'
[2025-11-01 15:57:49Z INFO HostContext] Well known directory 'Root': 'C:\Users\matte\Repo\risk_analysis_app\actions-runner'
[2025-11-01 15:57:49Z INFO HostContext] Well known directory 'Work': 'C:\Users\matte\Repo\risk_analysis_app\actions-runner\_work'
[2025-11-01 15:57:49Z INFO PipelineDirectoryManager] Loading tracking config if exists: C:\Users\matte\Repo\risk_analysis_app\actions-runner\_work\_PipelineMapping\matteoLorenzini/risk_analysis_app\PipelineFolder.json
[2025-11-01 15:57:49Z INFO PipelineDirectoryManager] Updating job run properties.
[2025-11-01 15:57:49Z INFO HostContext] Well known directory 'Bin': 'C:\Users\matte\Repo\risk_analysis_app\actions-runner\bin'
[2025-11-01 15:57:49Z INFO HostContext] Well known directory 'Root': 'C:\Users\matte\Repo\risk_analysis_app\actions-runner'
[2025-11-01 15:57:49Z INFO HostContext] Well known directory 'Work': 'C:\Users\matte\Repo\risk_analysis_app\actions-runner\_work'
[2025-11-01 15:57:49Z INFO HostContext] Well known directory 'Bin': 'C:\Users\matte\Repo\risk_analysis_app\actions-runner\bin'
[2025-11-01 15:57:49Z INFO HostContext] Well known directory 'Root': 'C:\Users\matte\Repo\risk_analysis_app\actions-runner'
[2025-11-01 15:57:49Z INFO HostContext] Well known directory 'Work': 'C:\Users\matte\Repo\risk_analysis_app\actions-runner\_work'
[2025-11-01 15:57:49Z INFO HostContext] Well known directory 'Bin': 'C:\Users\matte\Repo\risk_analysis_app\actions-runner\bin'
[2025-11-01 15:57:49Z INFO HostContext] Well known directory 'Root': 'C:\Users\matte\Repo\risk_analysis_app\actions-runner'
[2025-11-01 15:57:49Z INFO HostContext] Well known directory 'Work': 'C:\Users\matte\Repo\risk_analysis_app\actions-runner\_work'
[2025-11-01 15:57:49Z INFO JobExtension] Downloading actions
[2025-11-01 15:57:49Z INFO HostContext] Well known directory 'Bin': 'C:\Users\matte\Repo\risk_analysis_app\actions-runner\bin'
[2025-11-01 15:57:49Z INFO HostContext] Well known directory 'Root': 'C:\Users\matte\Repo\risk_analysis_app\actions-runner'
[2025-11-01 15:57:49Z INFO HostContext] Well known directory 'Work': 'C:\Users\matte\Repo\risk_analysis_app\actions-runner\_work'
[2025-11-01 15:57:49Z INFO HostContext] Well known directory 'Actions': 'C:\Users\matte\Repo\risk_analysis_app\actions-runner\_work\_actions'
[2025-11-01 15:57:49Z INFO JobExtension] Adding .
[2025-11-01 15:57:49Z INFO JobExtension] Adding .
[2025-11-01 15:57:49Z INFO JobExtension] Adding .
[2025-11-01 15:57:49Z INFO JobExtension] Adding .
[2025-11-01 15:57:49Z INFO HostContext] Well known directory 'Bin': 'C:\Users\matte\Repo\risk_analysis_app\actions-runner\bin'
[2025-11-01 15:57:49Z INFO HostContext] Well known directory 'Root': 'C:\Users\matte\Repo\risk_analysis_app\actions-runner'
[2025-11-01 15:57:49Z INFO HostContext] Well known directory 'Diag': 'C:\Users\matte\Repo\risk_analysis_app\actions-runner\_diag'
[2025-11-01 15:57:49Z INFO HostContext] Well known directory 'Bin': 'C:\Users\matte\Repo\risk_analysis_app\actions-runner\bin'
[2025-11-01 15:57:49Z INFO HostContext] Well known directory 'Root': 'C:\Users\matte\Repo\risk_analysis_app\actions-runner'
[2025-11-01 15:57:49Z INFO HostContext] Well known directory 'Diag': 'C:\Users\matte\Repo\risk_analysis_app\actions-runner\_diag'
[2025-11-01 15:57:49Z INFO HostContext] Well known directory 'Bin': 'C:\Users\matte\Repo\risk_analysis_app\actions-runner\bin'
[2025-11-01 15:57:49Z INFO HostContext] Well known directory 'Root': 'C:\Users\matte\Repo\risk_analysis_app\actions-runner'
[2025-11-01 15:57:49Z INFO HostContext] Well known directory 'Diag': 'C:\Users\matte\Repo\risk_analysis_app\actions-runner\_diag'
[2025-11-01 15:57:49Z INFO HostContext] Well known directory 'Bin': 'C:\Users\matte\Repo\risk_analysis_app\actions-runner\bin'
[2025-11-01 15:57:49Z INFO HostContext] Well known directory 'Root': 'C:\Users\matte\Repo\risk_analysis_app\actions-runner'
[2025-11-01 15:57:49Z INFO HostContext] Well known directory 'Diag': 'C:\Users\matte\Repo\risk_analysis_app\actions-runner\_diag'
[2025-11-01 15:57:49Z INFO HostContext] Well known directory 'Bin': 'C:\Users\matte\Repo\risk_analysis_app\actions-runner\bin'
[2025-11-01 15:57:49Z INFO HostContext] Well known directory 'Root': 'C:\Users\matte\Repo\risk_analysis_app\actions-runner'
[2025-11-01 15:57:49Z INFO HostContext] Well known directory 'Diag': 'C:\Users\matte\Repo\risk_analysis_app\actions-runner\_diag'
[2025-11-01 15:57:49Z INFO HostContext] Well known directory 'Bin': 'C:\Users\matte\Repo\risk_analysis_app\actions-runner\bin'
[2025-11-01 15:57:49Z INFO HostContext] Well known directory 'Root': 'C:\Users\matte\Repo\risk_analysis_app\actions-runner'
[2025-11-01 15:57:49Z INFO HostContext] Well known directory 'Diag': 'C:\Users\matte\Repo\risk_analysis_app\actions-runner\_diag'
[2025-11-01 15:57:49Z INFO HostContext] Well known directory 'Bin': 'C:\Users\matte\Repo\risk_analysis_app\actions-runner\bin'
[2025-11-01 15:57:49Z INFO HostContext] Well known directory 'Root': 'C:\Users\matte\Repo\risk_analysis_app\actions-runner'
[2025-11-01 15:57:49Z INFO HostContext] Well known directory 'Diag': 'C:\Users\matte\Repo\risk_analysis_app\actions-runner\_diag'
[2025-11-01 15:57:49Z INFO HostContext] Well known directory 'Bin': 'C:\Users\matte\Repo\risk_analysis_app\actions-runner\bin'
[2025-11-01 15:57:49Z INFO HostContext] Well known directory 'Root': 'C:\Users\matte\Repo\risk_analysis_app\actions-runner'
[2025-11-01 15:57:49Z INFO HostContext] Well known directory 'Diag': 'C:\Users\matte\Repo\risk_analysis_app\actions-runner\_diag'
[2025-11-01 15:57:49Z INFO JobExtension] Total accessible running process: 363.
[2025-11-01 15:57:49Z INFO HostContext] Well known directory 'Bin': 'C:\Users\matte\Repo\risk_analysis_app\actions-runner\bin'
[2025-11-01 15:57:49Z INFO HostContext] Well known directory 'Root': 'C:\Users\matte\Repo\risk_analysis_app\actions-runner'
[2025-11-01 15:57:49Z INFO HostContext] Well known directory 'Work': 'C:\Users\matte\Repo\risk_analysis_app\actions-runner\_work'
[2025-11-01 15:57:49Z INFO JobExtension] Start checking service connectivity in background.
[2025-11-01 15:57:49Z INFO ExecutionContext] Publish step telemetry for current step {
  "action": "setup_job",
  "type": "runner",
  "stage": "Pre",
  "stepId": "851d7d43-afff-4609-be4d-8e5fd65015ae",
  "result": "succeeded",
  "errorMessages": [],
  "executionTimeInSeconds": 1,
  "startTime": "2025-11-01T15:57:49.3710181Z",
  "finishTime": "2025-11-01T15:57:49.4735045Z"
}.
[2025-11-01 15:57:49Z INFO JobRunner] Total job steps: 4.
[2025-11-01 15:57:49Z INFO JobRunner] Run all job steps.
[2025-11-01 15:57:49Z INFO StepsRunner] Processing step: DisplayName='Print context'
[2025-11-01 15:57:49Z INFO StepsRunner] Evaluating: success()
[2025-11-01 15:57:49Z INFO StepsRunner] Result: true
[2025-11-01 15:57:49Z INFO StepsRunner] Starting the step.
[2025-11-01 15:57:49Z INFO HostContext] Well known directory 'Bin': 'C:\Users\matte\Repo\risk_analysis_app\actions-runner\bin'
[2025-11-01 15:57:49Z INFO HostContext] Well known directory 'Root': 'C:\Users\matte\Repo\risk_analysis_app\actions-runner'
[2025-11-01 15:57:49Z INFO HostContext] Well known directory 'Work': 'C:\Users\matte\Repo\risk_analysis_app\actions-runner\_work'
[2025-11-01 15:57:49Z INFO StepsRunner] Which2: 'chcp'
[2025-11-01 15:57:49Z INFO StepsRunner] Location: 'C:\WINDOWS\system32\chcp.COM'
[2025-11-01 15:57:49Z INFO ProcessInvokerWrapper] Starting process:
[2025-11-01 15:57:49Z INFO ProcessInvokerWrapper]   File name: 'C:\WINDOWS\system32\chcp.COM'
[2025-11-01 15:57:49Z INFO ProcessInvokerWrapper]   Arguments: '65001'
[2025-11-01 15:57:49Z INFO ProcessInvokerWrapper]   Working directory: 'C:\Users\matte\Repo\risk_analysis_app\actions-runner\_work'
[2025-11-01 15:57:49Z INFO ProcessInvokerWrapper]   Require exit code zero: 'False'
[2025-11-01 15:57:49Z INFO ProcessInvokerWrapper]   Encoding web name:  ; code page: ''
[2025-11-01 15:57:49Z INFO ProcessInvokerWrapper]   Force kill process on cancellation: 'False'
[2025-11-01 15:57:49Z INFO ProcessInvokerWrapper]   Redirected STDIN: 'False'
[2025-11-01 15:57:49Z INFO ProcessInvokerWrapper]   Persist current code page: 'True'
[2025-11-01 15:57:49Z INFO ProcessInvokerWrapper]   Keep redirected STDIN open: 'False'
[2025-11-01 15:57:49Z INFO ProcessInvokerWrapper]   High priority process: 'False'
[2025-11-01 15:57:49Z INFO ProcessInvokerWrapper] Process started with process id 20308, waiting for process exit.
[2025-11-01 15:57:49Z INFO Worker] Listening for cancel message from the channel.
[2025-11-01 15:57:49Z INFO ProcessInvokerWrapper] STDOUT/STDERR stream read finished.
[2025-11-01 15:57:49Z INFO Worker] Waiting for the job to complete or for a cancel message from the channel.
[2025-11-01 15:57:49Z INFO ProcessInvokerWrapper] STDOUT/STDERR stream read finished.
[2025-11-01 15:57:49Z INFO ProcessInvokerWrapper] Finished process 20308 with exit code 0, and elapsed time 00:00:00.0119877.
[2025-11-01 15:57:49Z INFO StepsRunner] Successfully returned to code page 65001 (UTF8)
[2025-11-01 15:57:49Z INFO HostContext] Well known directory 'Bin': 'C:\Users\matte\Repo\risk_analysis_app\actions-runner\bin'
[2025-11-01 15:57:49Z INFO HostContext] Well known directory 'Root': 'C:\Users\matte\Repo\risk_analysis_app\actions-runner'
[2025-11-01 15:57:49Z INFO HostContext] Well known directory 'Work': 'C:\Users\matte\Repo\risk_analysis_app\actions-runner\_work'
[2025-11-01 15:57:49Z INFO HostContext] Well known directory 'Temp': 'C:\Users\matte\Repo\risk_analysis_app\actions-runner\_work\_temp'
[2025-11-01 15:57:49Z INFO ExecutionContext] Write event payload to C:\Users\matte\Repo\risk_analysis_app\actions-runner\_work\_temp\_github_workflow\event.json
[2025-11-01 15:57:49Z INFO HostContext] Well known directory 'Bin': 'C:\Users\matte\Repo\risk_analysis_app\actions-runner\bin'
[2025-11-01 15:57:49Z INFO HostContext] Well known directory 'Root': 'C:\Users\matte\Repo\risk_analysis_app\actions-runner'
[2025-11-01 15:57:49Z INFO HostContext] Well known directory 'Work': 'C:\Users\matte\Repo\risk_analysis_app\actions-runner\_work'
[2025-11-01 15:57:49Z INFO HostContext] Well known directory 'Temp': 'C:\Users\matte\Repo\risk_analysis_app\actions-runner\_work\_temp'
[2025-11-01 15:57:49Z INFO ExtensionManager] Getting extensions for interface: 'GitHub.Runner.Worker.IFileCommandExtension'
[2025-11-01 15:57:49Z INFO ExtensionManager] Creating instance: GitHub.Runner.Worker.AddPathFileCommand, Runner.Worker
[2025-11-01 15:57:49Z INFO ExtensionManager] Creating instance: GitHub.Runner.Worker.SetEnvFileCommand, Runner.Worker
[2025-11-01 15:57:49Z INFO ExtensionManager] Creating instance: GitHub.Runner.Worker.CreateStepSummaryCommand, Runner.Worker
[2025-11-01 15:57:49Z INFO ExtensionManager] Creating instance: GitHub.Runner.Worker.SaveStateFileCommand, Runner.Worker
[2025-11-01 15:57:49Z INFO ExtensionManager] Creating instance: GitHub.Runner.Worker.SetOutputFileCommand, Runner.Worker
[2025-11-01 15:57:49Z INFO ExtensionManager] Getting extensions for interface: 'GitHub.Runner.Worker.IActionCommandExtension'
[2025-11-01 15:57:49Z INFO ExtensionManager] Creating instance: GitHub.Runner.Worker.InternalPluginSetRepoPathCommandExtension, Runner.Worker
[2025-11-01 15:57:49Z INFO ExtensionManager] Creating instance: GitHub.Runner.Worker.SetEnvCommandExtension, Runner.Worker
[2025-11-01 15:57:49Z INFO ExtensionManager] Creating instance: GitHub.Runner.Worker.SetOutputCommandExtension, Runner.Worker
[2025-11-01 15:57:49Z INFO ExtensionManager] Creating instance: GitHub.Runner.Worker.SaveStateCommandExtension, Runner.Worker
[2025-11-01 15:57:49Z INFO ExtensionManager] Creating instance: GitHub.Runner.Worker.AddPathCommandExtension, Runner.Worker
[2025-11-01 15:57:49Z INFO ExtensionManager] Creating instance: GitHub.Runner.Worker.AddMaskCommandExtension, Runner.Worker
[2025-11-01 15:57:49Z INFO ExtensionManager] Creating instance: GitHub.Runner.Worker.AddMatcherCommandExtension, Runner.Worker
[2025-11-01 15:57:49Z INFO ExtensionManager] Creating instance: GitHub.Runner.Worker.RemoveMatcherCommandExtension, Runner.Worker
[2025-11-01 15:57:49Z INFO ExtensionManager] Creating instance: GitHub.Runner.Worker.WarningCommandExtension, Runner.Worker
[2025-11-01 15:57:49Z INFO ExtensionManager] Creating instance: GitHub.Runner.Worker.ErrorCommandExtension, Runner.Worker
[2025-11-01 15:57:49Z INFO ExtensionManager] Creating instance: GitHub.Runner.Worker.NoticeCommandExtension, Runner.Worker
[2025-11-01 15:57:49Z INFO ExtensionManager] Creating instance: GitHub.Runner.Worker.DebugCommandExtension, Runner.Worker
[2025-11-01 15:57:49Z INFO ExtensionManager] Creating instance: GitHub.Runner.Worker.GroupCommandExtension, Runner.Worker
[2025-11-01 15:57:49Z INFO ExtensionManager] Creating instance: GitHub.Runner.Worker.EndGroupCommandExtension, Runner.Worker
[2025-11-01 15:57:49Z INFO ExtensionManager] Creating instance: GitHub.Runner.Worker.EchoCommandExtension, Runner.Worker
[2025-11-01 15:57:49Z INFO ActionCommandManager] Register action command extension for command internal-set-repo-path
[2025-11-01 15:57:49Z INFO ActionCommandManager] Register action command extension for command set-env
[2025-11-01 15:57:49Z INFO ActionCommandManager] Register action command extension for command set-output
[2025-11-01 15:57:49Z INFO ActionCommandManager] Register action command extension for command save-state
[2025-11-01 15:57:49Z INFO ActionCommandManager] Register action command extension for command add-path
[2025-11-01 15:57:49Z INFO ActionCommandManager] Register action command extension for command add-mask
[2025-11-01 15:57:49Z INFO ActionCommandManager] Register action command extension for command add-matcher
[2025-11-01 15:57:49Z INFO ActionCommandManager] Register action command extension for command remove-matcher
[2025-11-01 15:57:49Z INFO ActionCommandManager] Register action command extension for command warning
[2025-11-01 15:57:49Z INFO ActionCommandManager] Register action command extension for command error
[2025-11-01 15:57:49Z INFO ActionCommandManager] Register action command extension for command notice
[2025-11-01 15:57:49Z INFO ActionCommandManager] Register action command extension for command debug
[2025-11-01 15:57:49Z INFO ActionCommandManager] Register action command extension for command group
[2025-11-01 15:57:49Z INFO ActionCommandManager] Register action command extension for command endgroup
[2025-11-01 15:57:49Z INFO ActionCommandManager] Register action command extension for command echo
[2025-11-01 15:57:49Z INFO ScriptHandler] Which2: 'pwsh'
[2025-11-01 15:57:49Z INFO ScriptHandler] pwsh: command not found. Make sure 'pwsh' is installed and its location included in the 'Path' environment variable.
[2025-11-01 15:57:49Z ERR  StepsRunner] Caught exception from step: System.IO.FileNotFoundException: pwsh: command not found
File name: 'pwsh'
   at GitHub.Runner.Sdk.WhichUtil.Which(String command, Boolean require, ITraceWriter trace, String prependPath)
   at GitHub.Runner.Worker.Handlers.ScriptHandler.PrintActionDetails(ActionRunStage stage)
   at GitHub.Runner.Worker.Handlers.Handler.PrepareExecution(ActionRunStage stage)
   at GitHub.Runner.Worker.ActionRunner.RunAsync()
   at GitHub.Runner.Worker.StepsRunner.RunStepAsync(IStep step, CancellationToken jobCancellationToken)
[2025-11-01 15:57:49Z INFO StepsRunner] Step result: Failed
[2025-11-01 15:57:49Z INFO StepsRunner] Update job result with current step result 'Failed'.
[2025-11-01 15:57:49Z INFO StepsRunner] Current state: job state = 'Failed'
[2025-11-01 15:57:49Z INFO StepsRunner] Processing step: DisplayName='Update runtime-data from origin/main'
[2025-11-01 15:57:49Z INFO StepsRunner] Evaluating: success()
[2025-11-01 15:57:49Z INFO StepsRunner] Result: false
[2025-11-01 15:57:49Z INFO StepsRunner] Skipping step due to condition evaluation.
[2025-11-01 15:57:49Z INFO StepsRunner] No need for updating job result with current step result 'Skipped'.
[2025-11-01 15:57:49Z INFO StepsRunner] Current state: job state = 'Failed'
[2025-11-01 15:57:49Z INFO StepsRunner] Processing step: DisplayName='Restart ResearchSpace service'
[2025-11-01 15:57:49Z INFO StepsRunner] Evaluating: success()
[2025-11-01 15:57:49Z INFO StepsRunner] Result: false
[2025-11-01 15:57:49Z INFO StepsRunner] Skipping step due to condition evaluation.
[2025-11-01 15:57:49Z INFO StepsRunner] No need for updating job result with current step result 'Skipped'.
[2025-11-01 15:57:49Z INFO StepsRunner] Current state: job state = 'Failed'
[2025-11-01 15:57:49Z INFO StepsRunner] Processing step: DisplayName='Show service status'
[2025-11-01 15:57:49Z INFO StepsRunner] Evaluating: success()
[2025-11-01 15:57:49Z INFO StepsRunner] Result: false
[2025-11-01 15:57:49Z INFO StepsRunner] Skipping step due to condition evaluation.
[2025-11-01 15:57:49Z INFO StepsRunner] No need for updating job result with current step result 'Skipped'.
[2025-11-01 15:57:49Z INFO StepsRunner] Current state: job state = 'Failed'
[2025-11-01 15:57:49Z INFO JobRunner] Finalize job.
[2025-11-01 15:57:49Z INFO HostContext] Well known directory 'Bin': 'C:\Users\matte\Repo\risk_analysis_app\actions-runner\bin'
[2025-11-01 15:57:49Z INFO HostContext] Well known directory 'Root': 'C:\Users\matte\Repo\risk_analysis_app\actions-runner'
[2025-11-01 15:57:49Z INFO HostContext] Well known directory 'Diag': 'C:\Users\matte\Repo\risk_analysis_app\actions-runner\_diag'
[2025-11-01 15:57:49Z INFO HostContext] Well known directory 'Bin': 'C:\Users\matte\Repo\risk_analysis_app\actions-runner\bin'
[2025-11-01 15:57:49Z INFO HostContext] Well known directory 'Root': 'C:\Users\matte\Repo\risk_analysis_app\actions-runner'
[2025-11-01 15:57:49Z INFO HostContext] Well known directory 'Diag': 'C:\Users\matte\Repo\risk_analysis_app\actions-runner\_diag'
[2025-11-01 15:57:49Z INFO JobExtension] Initialize Env context
[2025-11-01 15:57:49Z INFO JobExtension] Initialize steps context
[2025-11-01 15:57:49Z INFO JobExtension] Total accessible running process: 363.
[2025-11-01 15:57:49Z INFO ExecutionContext] Publish step telemetry for current step {
  "action": "complete_job",
  "type": "runner",
  "stage": "Post",
  "stepId": "0919178d-642e-4a40-a24f-226609d8910a",
  "result": "succeeded",
  "errorMessages": [],
  "executionTimeInSeconds": 1,
  "startTime": "2025-11-01T15:57:49.6129042Z",
  "finishTime": "2025-11-01T15:57:49.6375699Z"
}.
[2025-11-01 15:57:49Z INFO JobRunner] Job result after all job steps finish: Failed
[2025-11-01 15:57:49Z INFO JobRunner] Completing the job execution context.
[2025-11-01 15:57:49Z INFO JobRunner] Shutting down the job server queue.
[2025-11-01 15:57:49Z INFO JobServerQueue] Fire signal to shutdown all queues.
[2025-11-01 15:57:49Z INFO ResultServer] Successfully started websocket client.
[2025-11-01 15:57:49Z INFO JobServerQueue] Try to append 1 batches web console lines for record '851d7d43-afff-4609-be4d-8e5fd65015ae', success rate: 1/1.
[2025-11-01 15:57:50Z INFO JobServerQueue] All queue process task stopped.
[2025-11-01 15:57:50Z INFO JobServerQueue] Try to append 1 batches web console lines for record 'ff0155a1-e673-4661-86b2-9537b2bf6f17', success rate: 1/1.
[2025-11-01 15:57:50Z INFO JobServerQueue] Try to append 1 batches web console lines for record '0919178d-642e-4a40-a24f-226609d8910a', success rate: 1/1.
[2025-11-01 15:57:50Z INFO JobServerQueue] Web console line queue drained.
[2025-11-01 15:57:50Z INFO JobServerQueue] Uploading 4 files in one shot.
[2025-11-01 15:57:50Z INFO JobServerQueue] Try to upload 4 log files or attachments, success rate: 4/4.
[2025-11-01 15:57:50Z INFO JobServerQueue] File upload queue drained.
[2025-11-01 15:57:50Z INFO JobServerQueue] Starting results-based upload queue...
[2025-11-01 15:57:50Z INFO JobServerQueue] Uploading 4 file(s) in one shot through results service.
[2025-11-01 15:57:50Z INFO JobServerQueue] Got a step log file to send to results service.
[2025-11-01 15:57:50Z INFO JobServerQueue] Starting upload of step log file to results service ResultsLog, C:\Users\matte\Repo\risk_analysis_app\actions-runner\_diag\blocks\e2ce603e-29c5-4a45-911b-bcf56912773b_851d7d43-afff-4609-be4d-8e5fd65015ae.1
[2025-11-01 15:57:51Z INFO JobServerQueue] Got a step log file to send to results service.
[2025-11-01 15:57:51Z INFO JobServerQueue] Starting upload of step log file to results service ResultsLog, C:\Users\matte\Repo\risk_analysis_app\actions-runner\_diag\blocks\e2ce603e-29c5-4a45-911b-bcf56912773b_ff0155a1-e673-4661-86b2-9537b2bf6f17.1
[2025-11-01 15:57:52Z INFO JobServerQueue] Got a step log file to send to results service.
[2025-11-01 15:57:52Z INFO JobServerQueue] Starting upload of step log file to results service ResultsLog, C:\Users\matte\Repo\risk_analysis_app\actions-runner\_diag\blocks\e2ce603e-29c5-4a45-911b-bcf56912773b_0919178d-642e-4a40-a24f-226609d8910a.1
[2025-11-01 15:57:52Z INFO JobServerQueue] Got a job log file to send to results service.
[2025-11-01 15:57:52Z INFO JobServerQueue] Starting upload of job log file to results service ResultsLog, C:\Users\matte\Repo\risk_analysis_app\actions-runner\_diag\blocks\e2ce603e-29c5-4a45-911b-bcf56912773b_61bcbf51-5b2c-5beb-a016-a8c3f39ad996.1
[2025-11-01 15:57:53Z INFO JobServerQueue] Tried to upload 4 file(s) to results, success rate: 4/4.
[2025-11-01 15:57:53Z INFO JobServerQueue] Results upload queue drained.
[2025-11-01 15:57:53Z INFO JobServerQueue] Job timeline record has been updated for the first time.
[2025-11-01 15:57:53Z INFO JobServerQueue] Timeline update queue drained.
[2025-11-01 15:57:53Z INFO JobServerQueue] Disposing job server ...
[2025-11-01 15:57:53Z INFO JobServerQueue] Disposing results server ...
[2025-11-01 15:57:53Z INFO JobServerQueue] All queue process tasks have been stopped, and all queues are drained.
[2025-11-01 15:57:53Z INFO TempDirectoryManager] Cleaning runner temp folder: C:\Users\matte\Repo\risk_analysis_app\actions-runner\_work\_temp
[2025-11-01 15:57:53Z INFO HostContext] Well known directory 'Bin': 'C:\Users\matte\Repo\risk_analysis_app\actions-runner\bin'
[2025-11-01 15:57:53Z INFO HostContext] Well known directory 'Root': 'C:\Users\matte\Repo\risk_analysis_app\actions-runner'
[2025-11-01 15:57:53Z INFO HostContext] Well known directory 'Diag': 'C:\Users\matte\Repo\risk_analysis_app\actions-runner\_diag'
[2025-11-01 15:57:53Z INFO HostContext] Well known config file 'Telemetry': 'C:\Users\matte\Repo\risk_analysis_app\actions-runner\_diag\.telemetry'
[2025-11-01 15:57:53Z INFO JobRunner] Raising job completed against run service
[2025-11-01 15:57:53Z INFO Worker] Job completed.
